2018-06-25 00:13:42,500 - manage - run - 138 : 
	------------------------------
2018-06-25 00:13:46,638 - bank - authenticate - 39 : 
	bank_db.select(id)'s result:{'1': {'username': 'huang', 'password': '123', 'status': 3, 'balance': 260402.15, 'credit limit': 14404.6, 'id': '1'}}
2018-06-25 00:13:46,643 - manage - run - 138 : 
	------------------------------
2018-06-25 00:13:54,601 - manage - run - 138 : 
	------------------------------
2018-06-25 00:15:40,266 - manage - run - 135 : 
	------------------------------
2018-06-25 00:15:43,429 - bank - authenticate - 39 : 
	bank_db.select(id)'s result:{'1': {'username': 'huang', 'password': '123', 'status': 3, 'balance': 260402.15, 'credit limit': 14404.6, 'id': '1'}}
2018-06-25 00:15:43,433 - manage - run - 135 : 
	------------------------------
2018-06-25 00:15:49,167 - manage - run - 135 : 
	------------------------------
2018-06-25 00:15:58,662 - manage - run - 135 : 
	------------------------------
2018-06-25 00:16:10,662 - manage - run - 135 : 
	------------------------------
2018-06-25 00:16:20,781 - manage - run - 135 : 
	------------------------------
2018-06-25 00:25:33,876 - manage - run - 145 : 
	------------------------------
2018-06-25 00:25:39,318 - bank - authenticate - 39 : 
	bank_db.select(id)'s result:{'1': {'username': 'huang', 'password': '123', 'status': 3, 'balance': 260402.15, 'credit limit': 14404.6, 'id': '1'}}
2018-06-25 00:25:39,322 - manage - run - 145 : 
	------------------------------
2018-06-25 00:25:47,422 - manage - run - 145 : 
	------------------------------
2018-06-25 00:27:53,778 - manage - run - 148 : 
	------------------------------
2018-06-25 00:27:55,964 - bank - authenticate - 39 : 
	bank_db.select(id)'s result:{'1': {'username': 'huang', 'password': '123', 'status': 3, 'balance': 260402.15, 'credit limit': 6408.6, 'id': '1'}}
2018-06-25 00:27:55,968 - manage - run - 148 : 
	------------------------------
2018-06-25 00:28:03,937 - manage - run - 148 : 
	------------------------------
2018-06-25 00:28:21,330 - manage - run - 148 : 
	------------------------------
2018-06-25 00:28:43,630 - manage - run - 148 : 
	------------------------------
2018-06-25 00:28:46,568 - bank - authenticate - 39 : 
	bank_db.select(id)'s result:{'1': {'username': 'huang', 'password': '123', 'status': 3, 'balance': 260402.15, 'credit limit': 6388.6, 'id': '1'}}
2018-06-25 00:28:46,572 - manage - run - 148 : 
	------------------------------
2018-06-25 00:28:51,044 - manage - run - 148 : 
	------------------------------
2018-06-25 00:28:52,960 - manage - run - 148 : 
	------------------------------
2018-06-25 00:29:56,392 - manage - run - 148 : 
	------------------------------
2018-06-25 00:30:00,336 - manage - run - 148 : 
	------------------------------
2018-06-25 00:30:02,465 - manage - run - 148 : 
	------------------------------
2018-06-25 00:32:33,094 - manage - run - 146 : 
	------------------------------
2018-06-25 00:32:35,576 - bank - authenticate - 39 : 
	bank_db.select(id)'s result:{'1': {'username': 'huang', 'password': '123', 'status': 3, 'balance': 260402.15, 'credit limit': 5360.6, 'id': '1'}}
2018-06-25 00:32:35,580 - manage - run - 146 : 
	------------------------------
2018-06-25 00:32:39,050 - manage - run - 146 : 
	------------------------------
2018-06-25 00:32:40,039 - manage - run - 146 : 
	------------------------------
2018-06-25 00:32:51,137 - manage - run - 146 : 
	------------------------------
2018-06-25 00:35:08,153 - manage - run - 149 : 
	------------------------------
2018-06-25 00:35:12,422 - bank - authenticate - 39 : 
	bank_db.select(id)'s result:{'1': {'username': 'huang', 'password': '123', 'status': 3, 'balance': 260402.15, 'credit limit': 5340.6, 'id': '1'}}
2018-06-25 00:35:12,433 - manage - run - 149 : 
	------------------------------
2018-06-25 00:35:14,631 - manage - run - 149 : 
	------------------------------
2018-06-25 00:35:16,910 - manage - run - 149 : 
	------------------------------
2018-06-25 00:35:21,679 - manage - run - 149 : 
	------------------------------
2018-06-25 00:35:24,993 - manage - run - 149 : 
	------------------------------
2018-06-25 00:37:03,322 - manage - run - 149 : 
	------------------------------
2018-06-25 00:37:06,789 - bank - authenticate - 39 : 
	bank_db.select(id)'s result:{'1': {'username': 'huang', 'password': '123', 'status': 3, 'balance': 260402.15, 'credit limit': 2312.6000000000004, 'id': '1'}}
2018-06-25 00:37:06,799 - manage - run - 149 : 
	------------------------------
2018-06-25 00:37:17,482 - manage - run - 149 : 
	------------------------------
2018-06-25 00:37:22,360 - manage - run - 149 : 
	------------------------------
2018-06-25 00:38:22,437 - manage - run - 149 : 
	------------------------------
2018-06-25 00:38:25,461 - bank - authenticate - 39 : 
	bank_db.select(id)'s result:{'1': {'username': 'huang', 'password': '123', 'status': 3, 'balance': 260402.15, 'credit limit': 2302.6, 'id': '1'}}
2018-06-25 00:38:25,465 - manage - run - 149 : 
	------------------------------
2018-06-25 00:38:30,910 - manage - run - 149 : 
	------------------------------
2018-06-25 00:38:40,680 - manage - run - 149 : 
	------------------------------
2018-06-25 00:38:52,457 - manage - run - 149 : 
	------------------------------
2018-06-25 00:38:56,111 - bank - authenticate - 39 : 
	bank_db.select(id)'s result:{'2': {'username': 'zhang', 'password': '123', 'status': 3, 'balance': 23112689, 'credit limit': 15000}}
2018-06-25 00:38:56,116 - manage - run - 149 : 
	------------------------------
2018-06-25 00:39:00,435 - manage - run - 149 : 
	------------------------------
2018-06-25 00:39:01,570 - manage - run - 149 : 
	------------------------------
2018-06-25 00:39:06,827 - manage - run - 149 : 
	------------------------------
2018-06-25 00:39:08,574 - manage - run - 149 : 
	------------------------------
2018-06-25 00:39:10,781 - manage - run - 149 : 
	------------------------------
2018-06-25 00:40:34,190 - manage - run - 151 : 
	------------------------------
2018-06-25 00:40:38,060 - bank - authenticate - 39 : 
	bank_db.select(id)'s result:{'2': {'username': 'zhang', 'password': '123', 'status': 3, 'balance': 23112689, 'credit limit': 12971}}
2018-06-25 00:40:38,064 - manage - run - 151 : 
	------------------------------
2018-06-25 00:40:41,262 - manage - run - 151 : 
	------------------------------
2018-06-25 00:40:43,819 - manage - run - 151 : 
	------------------------------
2018-06-25 00:40:54,783 - manage - run - 151 : 
	------------------------------
2018-06-25 00:40:58,108 - bank - authenticate - 39 : 
	bank_db.select(id)'s result:{'2': {'username': 'zhang', 'password': '123', 'status': 3, 'balance': 23112689, 'credit limit': 10962}}
2018-06-25 00:40:58,112 - manage - run - 151 : 
	------------------------------
2018-06-25 00:41:03,436 - manage - run - 151 : 
	------------------------------
2018-06-25 00:41:04,246 - manage - run - 151 : 
	------------------------------
2018-06-25 00:41:07,892 - manage - run - 151 : 
	------------------------------
2018-06-25 00:41:14,580 - manage - run - 151 : 
	------------------------------
2018-06-25 00:41:16,740 - manage - run - 151 : 
	------------------------------
2018-06-25 00:41:23,666 - manage - run - 151 : 
	------------------------------
2018-06-25 00:42:54,890 - manage - run - 151 : 
	------------------------------
2018-06-25 00:42:58,458 - bank - authenticate - 39 : 
	bank_db.select(id)'s result:{'2': {'username': 'zhang', 'password': '123', 'status': 3, 'balance': 23112689, 'credit limit': 10942}}
2018-06-25 00:42:58,469 - manage - run - 151 : 
	------------------------------
2018-06-25 00:43:02,307 - manage - run - 151 : 
	------------------------------
2018-06-25 00:43:05,466 - manage - run - 151 : 
	------------------------------
2018-06-25 00:44:23,568 - manage - run - 148 : 
	------------------------------
2018-06-25 00:44:26,395 - bank - authenticate - 39 : 
	bank_db.select(id)'s result:{'2': {'username': 'zhang', 'password': '123', 'status': 3, 'balance': 23112689, 'credit limit': 8933}}
2018-06-25 00:44:26,399 - manage - run - 148 : 
	------------------------------
2018-06-25 00:44:30,742 - manage - run - 148 : 
	------------------------------
2018-06-25 00:44:32,146 - manage - run - 148 : 
	------------------------------
2018-06-25 00:44:39,129 - manage - run - 148 : 
	------------------------------
2018-06-25 00:44:40,455 - manage - run - 148 : 
	------------------------------
2018-06-25 00:44:44,799 - manage - run - 148 : 
	------------------------------
2018-06-25 00:45:14,182 - manage - run - 149 : 
	------------------------------
2018-06-25 00:45:18,378 - bank - authenticate - 39 : 
	bank_db.select(id)'s result:{'2': {'username': 'zhang', 'password': '123', 'status': 3, 'balance': 23112689, 'credit limit': 6904}}
2018-06-25 00:45:18,380 - bank - inner - 68 : 
	zhang 密码错误,剩余次数2
2018-06-25 00:45:21,978 - bank - authenticate - 39 : 
	bank_db.select(id)'s result:{'2': {'username': 'zhang', 'password': '123', 'status': 2, 'balance': 23112689, 'credit limit': 6904}}
2018-06-25 00:45:21,982 - manage - run - 149 : 
	------------------------------
2018-06-25 00:45:25,539 - manage - run - 149 : 
	------------------------------
2018-06-25 00:45:27,309 - manage - run - 149 : 
	------------------------------
2018-06-25 00:45:36,345 - manage - run - 149 : 
	------------------------------
2018-06-25 00:45:36,810 - manage - run - 149 : 
	------------------------------
2018-06-25 00:45:38,899 - manage - run - 149 : 
	------------------------------
2018-06-25 00:57:35,685 - manage - run - 149 : 
	------------------------------
2018-06-25 00:57:38,558 - bank - authenticate - 39 : 
	bank_db.select(id)'s result:{'1': {'username': 'huang', 'password': '123', 'status': 3, 'balance': 260402.15, 'credit limit': 1294.6, 'id': '1'}}
2018-06-25 00:57:38,561 - manage - run - 149 : 
	------------------------------
2018-06-25 00:57:41,432 - manage - run - 149 : 
	------------------------------
2018-06-25 00:59:38,408 - manage - run - 149 : 
	------------------------------
2018-06-25 00:59:41,797 - bank - authenticate - 39 : 
	bank_db.select(id)'s result:{'1': {'username': 'huang', 'password': '123', 'status': 3, 'balance': 260402.15, 'credit limit': 1294.6, 'id': '1'}}
2018-06-25 00:59:41,801 - manage - run - 149 : 
	------------------------------
2018-06-25 00:59:43,853 - manage - run - 149 : 
	------------------------------
2018-06-25 00:59:53,441 - manage - run - 149 : 
	------------------------------
2018-06-25 00:59:56,445 - bank - authenticate - 39 : 
	bank_db.select(id)'s result:{'1': {'username': 'huang', 'password': '123', 'status': 3, 'balance': 260402.15, 'credit limit': 1294.6, 'id': '1'}}
2018-06-25 00:59:56,449 - manage - run - 149 : 
	------------------------------
2018-06-25 00:59:59,485 - manage - run - 149 : 
	------------------------------
2018-06-25 01:00:00,781 - manage - run - 149 : 
	------------------------------
2018-06-25 01:00:05,013 - bank - authenticate - 39 : 
	bank_db.select(id)'s result:{'2': {'username': 'zhang', 'password': '123', 'status': 3, 'balance': 23112689, 'credit limit': 4875}}
2018-06-25 01:00:05,017 - manage - run - 149 : 
	------------------------------
2018-06-25 01:00:06,364 - manage - run - 149 : 
	------------------------------
2018-06-25 01:00:07,158 - manage - run - 149 : 
	------------------------------
2018-06-25 01:00:08,861 - manage - run - 149 : 
	------------------------------
2018-06-25 01:00:15,941 - manage - run - 149 : 
	------------------------------
2018-06-25 01:00:23,180 - manage - run - 149 : 
	------------------------------
2018-06-25 01:00:24,207 - manage - run - 149 : 
	------------------------------
2018-06-25 01:00:25,341 - manage - run - 149 : 
	------------------------------
2018-06-25 01:00:29,032 - manage - run - 149 : 
	------------------------------
2018-06-25 01:00:30,949 - manage - run - 149 : 
	------------------------------
2018-06-25 01:00:37,493 - manage - run - 149 : 
	------------------------------
2018-06-25 01:01:48,052 - manage - run - 149 : 
	------------------------------
2018-06-25 21:02:21,336 - manage - run - 149 : 
	------------------------------
2018-06-25 21:05:02,496 - json_db - add - 75 : 
	{'username': 'li', 'password': '123', 'status': 3, 'balance': 123192, 'credit limit': 15000}
2018-06-25 21:05:02,529 - manage - run - 149 : 
	------------------------------
2018-06-25 21:05:05,210 - manage - run - 149 : 
	------------------------------
2018-06-25 21:05:07,445 - manage - run - 149 : 
	------------------------------
2018-06-25 21:05:12,884 - manage - run - 149 : 
	------------------------------
2018-06-25 21:05:18,386 - manage - run - 149 : 
	------------------------------
2018-06-25 21:05:37,642 - manage - run - 149 : 
	------------------------------
2018-06-25 21:05:45,243 - manage - run - 149 : 
	------------------------------
2018-06-25 21:05:50,561 - manage - run - 149 : 
	------------------------------
2018-06-25 21:05:59,000 - manage - run - 149 : 
	------------------------------
2018-06-25 21:06:41,055 - manage - run - 149 : 
	------------------------------
2018-06-25 21:06:42,491 - manage - run - 149 : 
	------------------------------
2018-06-25 21:07:20,275 - manage - run - 149 : 
	------------------------------
2018-06-25 21:07:28,881 - manage - run - 149 : 
	------------------------------
2018-06-25 21:08:04,682 - manage - run - 149 : 
	------------------------------
2018-06-25 21:08:10,356 - manage - run - 149 : 
	------------------------------
2018-06-25 21:08:28,155 - manage - run - 149 : 
	------------------------------
2018-06-25 21:08:40,782 - manage - run - 149 : 
	------------------------------
2018-06-25 21:08:56,660 - manage - run - 149 : 
	------------------------------
2018-06-25 21:09:02,345 - manage - run - 149 : 
	------------------------------
2018-06-25 21:09:03,869 - manage - run - 149 : 
	------------------------------
2018-06-25 21:48:36,972 - manage - run - 149 : 
	------------------------------
2018-06-25 21:48:37,197 - manage - run - 149 : 
	------------------------------
