INFO - 2018-06-25 00:13:46,641 : huang登录成功！
INFO - 2018-06-25 00:15:43,431 : huang登录成功！
INFO - 2018-06-25 00:25:39,320 : huang登录成功！
INFO - 2018-06-25 00:25:49,161 : huang成功购买了：{'电脑': {'price': 1999, 'count': 4}},消费7996！
INFO - 2018-06-25 00:27:55,966 : huang登录成功！
INFO - 2018-06-25 00:28:08,667 : huang成功购买了：{'游艇': {'price': 20, 'count': 1}, '美女': {'price': 998, 'count': 1}},消费20！
INFO - 2018-06-25 00:28:46,570 : huang登录成功！
INFO - 2018-06-25 00:28:52,954 : huang成功购买了：{'游艇': {'price': 20, 'count': 1}, '鼠标': {'price': 10, 'count': 1}, '美女': {'price': 998, 'count': 1}},消费20！
INFO - 2018-06-25 00:28:52,957 : huang成功购买了：{'游艇': {'price': 20, 'count': 1}, '鼠标': {'price': 10, 'count': 1}, '美女': {'price': 998, 'count': 1}},消费10！
INFO - 2018-06-25 00:28:52,959 : huang成功购买了：{'游艇': {'price': 20, 'count': 1}, '鼠标': {'price': 10, 'count': 1}, '美女': {'price': 998, 'count': 1}},消费998！
INFO - 2018-06-25 00:32:35,578 : huang登录成功！
INFO - 2018-06-25 00:33:34,737 : huang成功购买了：{'price': 10, 'count': 2},消费20！
INFO - 2018-06-25 00:35:12,425 : huang登录成功！
INFO - 2018-06-25 00:35:24,985 : huang成功购买了：{'price': 10, 'count': 1},消费10！
INFO - 2018-06-25 00:35:24,987 : huang成功购买了：{'price': 20, 'count': 1},消费20！
INFO - 2018-06-25 00:35:24,989 : huang成功购买了：{'price': 998, 'count': 1},消费998！
INFO - 2018-06-25 00:35:24,992 : huang成功购买了：{'price': 2000, 'count': 1},消费2000！
INFO - 2018-06-25 00:37:06,791 : huang登录成功！
INFO - 2018-06-25 00:37:22,357 : huang信用卡额度不足（剩2312.6000000000004，需3998），请先还款
INFO - 2018-06-25 00:37:22,359 : huang成功购买了：{'price': 10, 'count': 1},消费10！
INFO - 2018-06-25 00:38:25,463 : huang登录成功！
INFO - 2018-06-25 00:38:40,677 : huang成功购买了：{'price': 998, 'count': 1},消费998！
INFO - 2018-06-25 00:38:40,679 : huang成功购买了：{'price': 10, 'count': 1},消费10！
INFO - 2018-06-25 00:38:56,114 : zhang登录成功！
INFO - 2018-06-25 00:39:01,558 : zhang成功购买了：{'price': 20, 'count': 1},消费20！
INFO - 2018-06-25 00:39:01,562 : zhang成功购买了：{'price': 1999, 'count': 1},消费1999！
INFO - 2018-06-25 00:39:01,564 : zhang成功购买了：{'price': 10, 'count': 1},消费10！
INFO - 2018-06-25 00:40:38,061 : zhang登录成功！
INFO - 2018-06-25 00:40:43,816 : zhang成功购买了：{'price': 10, 'count': 1},消费10！
INFO - 2018-06-25 00:40:43,819 : zhang成功购买了：{'price': 1999, 'count': 1},消费1999！
INFO - 2018-06-25 00:40:58,110 : zhang登录成功！
INFO - 2018-06-25 00:41:04,245 : zhang成功购买了：{'price': 10, 'count': 1},消费10！
INFO - 2018-06-25 00:41:23,646 : zhang成功购买了：{'price': 10, 'count': 1},消费10！
INFO - 2018-06-25 00:42:58,460 : zhang登录成功！
INFO - 2018-06-25 00:43:05,444 : zhang成功购买了：电脑,消费1999！
INFO - 2018-06-25 00:43:05,448 : zhang成功购买了：鼠标,消费10！
INFO - 2018-06-25 00:44:26,397 : zhang登录成功！
INFO - 2018-06-25 00:44:32,140 : zhang成功购买了：电脑,消费1999！
INFO - 2018-06-25 00:44:32,143 : zhang成功购买了：鼠标,消费10！
INFO - 2018-06-25 00:44:32,145 : zhang成功购买了：游艇,消费20！
INFO - 2018-06-25 00:45:21,980 : zhang登录成功！
INFO - 2018-06-25 00:45:27,284 : zhang成功购买了：鼠标,消费10！
INFO - 2018-06-25 00:45:27,289 : zhang成功购买了：电脑,消费1999！
INFO - 2018-06-25 00:45:27,295 : zhang成功购买了：游艇,消费20！
INFO - 2018-06-25 00:57:38,559 : huang登录成功！
INFO - 2018-06-25 00:59:41,799 : huang登录成功！
INFO - 2018-06-25 00:59:56,447 : huang登录成功！
INFO - 2018-06-25 01:00:00,781 : huang已退出登录！
INFO - 2018-06-25 01:00:05,016 : zhang登录成功！
INFO - 2018-06-25 21:05:02,498 : li注册成功！
INFO - 2018-06-25 21:07:28,880 : li信用卡额度不足（剩12971，需123123），请先还款
INFO - 2018-06-25 21:08:04,682 : li存款了：123123，现余额:246315
INFO - 2018-06-25 21:08:10,355 : li还款金额超过信用卡账单（还：123123，仅需：2029）
INFO - 2018-06-25 21:08:28,154 : li存款了：123，现余额:246438
INFO - 2018-06-25 21:08:40,781 : li转账:12312,到huang账户
